INFO:__main__:B0strength -- aeon.DummyRegressor: Mean r2 = -0.15079+-0.05926, mean RMSE: 1.01125+-0.06595
INFO:__main__:B0strength -- aeon.TimeSeriesForestRegressor: Mean r2 = 0.05458+-0.11514, mean RMSE: 0.89607+-0.06909
INFO:__main__:B0strength -- aeon.FreshPRINCERegressor: Mean r2 = 0.29112+-0.09634, mean RMSE: 0.76666+-0.05404
INFO:__main__:B0strength -- aeon.RocketRegressor: Mean r2 = 0.00186+-0.13986, mean RMSE: 0.90319+-0.07924
INFO:__main__:B0strength -- aeon.DummyRegressor: Mean r2 = -0.05775+-0.01675, mean RMSE: 1.00512+-0.06502
INFO:__main__:B0strength -- aeon.RISTRegressor: Mean r2 = 0.18341+-0.06635, mean RMSE: 0.87042+-0.06581
INFO:__main__:B0strength -- aeon.TSFreshRegressor: Mean r2 = 0.40556+-0.05717, mean RMSE: 0.73279+-0.05260
INFO:__main__:B0strength -- aeon.TimeSeriesForestRegressor: Mean r2 = 0.17695+-0.05324, mean RMSE: 0.87353+-0.06540
INFO:__main__:B0strength -- aeon.DummyRegressor: Mean r2 = -0.17392+-0.06564, mean RMSE: 1.01261+-0.06590
INFO:__main__:B0strength -- aeon.DummyRegressor: Mean r2 = -0.04807+-0.01704, mean RMSE: 1.00476+-0.06506
INFO:__main__:B0strength -- aeon.HydraRegressor: Mean r2 = 0.25449+-0.05544, mean RMSE: 0.83064+-0.05689
INFO:__main__:B0strength -- aeon.DrCIFRegressor: Mean r2 = 0.25191+-0.04381, mean RMSE: 0.83603+-0.05588
INFO:__main__:B0strength -- aeon.TimeSeriesForestRegressor: Mean r2 = 0.17667+-0.06090, mean RMSE: 0.87211+-0.06108
INFO:__main__:B0strength -- aeon.FreshPRINCERegressor: Mean r2 = 0.40158+-0.05536, mean RMSE: 0.74435+-0.05162
INFO:__main__:B0strength -- aeon.RocketRegressor: Mean r2 = 0.20968+-0.09197, mean RMSE: 0.84706+-0.06711
INFO:__main__:B0angle -- aeon.DummyRegressor: Mean r2 = -0.13067+-0.05251, mean RMSE: 1.00869+-0.06523
INFO:__main__:B0angle -- aeon.HydraRegressor: Mean r2 = 0.49758+-0.07599, mean RMSE: 0.64283+-0.03983
INFO:__main__:B0angle -- aeon.DrCIFRegressor: Mean r2 = 0.51109+-0.06539, mean RMSE: 0.65598+-0.04123
INFO:__main__:B0angle -- aeon.TimeSeriesForestRegressor: Mean r2 = 0.46248+-0.07578, mean RMSE: 0.69082+-0.04723
INFO:__main__:B0angle -- aeon.FreshPRINCERegressor: Mean r2 = 0.63939+-0.04837, mean RMSE: 0.55866+-0.03213
INFO:__main__:B0angle -- aeon.RocketRegressor: Mean r2 = 0.58240+-0.08746, mean RMSE: 0.58297+-0.05055
INFO:__main__:backgroundDensity -- aeon.DummyRegressor: Mean r2 = -0.38051+-0.24092, mean RMSE: 1.01601+-0.06627
INFO:__main__:backgroundDensity -- aeon.HydraRegressor: Mean r2 = 0.76879+-0.04849, mean RMSE: 0.41265+-0.01998
INFO:__main__:backgroundDensity -- aeon.DrCIFRegressor: Mean r2 = 0.82087+-0.03405, mean RMSE: 0.36369+-0.01509
INFO:__main__:backgroundDensity -- aeon.TimeSeriesForestRegressor: Mean r2 = 0.77858+-0.04194, mean RMSE: 0.40678+-0.02145
INFO:__main__:backgroundDensity -- aeon.FreshPRINCERegressor: Mean r2 = 0.83616+-0.02943, mean RMSE: 0.34979+-0.01311
INFO:__main__:backgroundDensity -- aeon.RocketRegressor: Mean r2 = 0.25672+-0.11003, mean RMSE: 0.75025+-0.05259
INFO:__main__:beamFraction -- aeon.DummyRegressor: Mean r2 = -0.40823+-0.16411, mean RMSE: 1.02347+-0.06716
INFO:__main__:beamFraction -- aeon.HydraRegressor: Mean r2 = 0.19421+-0.09940, mean RMSE: 0.77299+-0.06023
INFO:__main__:beamFraction -- aeon.DrCIFRegressor: Mean r2 = -0.09692+-0.14244, mean RMSE: 0.89882+-0.06343
INFO:__main__:beamFraction -- aeon.TimeSeriesForestRegressor: Mean r2 = -0.00176+-0.13984, mean RMSE: 0.85791+-0.06756
INFO:__main__:beamFraction -- aeon.FreshPRINCERegressor: Mean r2 = 0.13362+-0.15411, mean RMSE: 0.78496+-0.05734
INFO:__main__:beamFraction -- aeon.RocketRegressor: Mean r2 = 0.10304+-0.14813, mean RMSE: 0.80773+-0.06474
